<?xml version="1.0" encoding="UTF-8"?>
<!-- Generated by org.testng.reporters.JUnitReportReporter -->
<testsuite hostname="Suraj-Pc" failures="0" tests="1" name="cheking.case1" time="9.677" errors="0" timestamp="2023-09-09T00:14:34 IST" skipped="0">
  <testcase classname="cheking.case1" name="case1" time="9.677"/>
</testsuite> <!-- cheking.case1 -->
