<?xml version="1.0" encoding="UTF-8"?>
<!-- Generated by org.testng.reporters.JUnitReportReporter -->
<testsuite hostname="Suraj-Pc" failures="0" tests="1" name="team.class3" time="7.155" errors="0" timestamp="2023-09-09T00:53:04 IST" skipped="0">
  <testcase classname="team.class3" name="case1" time="7.155"/>
</testsuite> <!-- team.class3 -->
