<?xml version="1.0" encoding="UTF-8"?>
<!-- Generated by org.testng.reporters.JUnitReportReporter -->
<testsuite hostname="Suraj-Pc" failures="0" tests="1" name="cheking.case1" time="28.656" errors="0" timestamp="8 Sep 2023 18:28:55 GMT">
  <testcase classname="cheking.case1" name="case1" time="28.656"/>
</testsuite> <!-- cheking.case1 -->
