<?xml version="1.0" encoding="UTF-8"?>
<!-- Generated by org.testng.reporters.JUnitReportReporter -->
<testsuite hostname="Suraj-Pc" failures="0" tests="1" name="cheking.class3" time="23.338" errors="0" timestamp="8 Sep 2023 18:28:55 GMT">
  <testcase classname="cheking.class3" name="case1" time="23.338"/>
</testsuite> <!-- cheking.class3 -->
