<?xml version="1.0" encoding="UTF-8"?>
<!-- Generated by org.testng.reporters.JUnitReportReporter -->
<testsuite hostname="Suraj-Pc" failures="0" tests="1" name="cheking.case2" time="41.588" errors="0" timestamp="8 Sep 2023 18:28:55 GMT">
  <testcase classname="cheking.case2" name="case1" time="41.588"/>
</testsuite> <!-- cheking.case2 -->
